[debug] [2021-06-27T21:54:47.406Z] ----------------------------------------------------------------------
[debug] [2021-06-27T21:54:47.411Z] Command:       C:\Program Files\nodejs\node.exe C:\Users\paulq\AppData\Roaming\npm\node_modules\firebase-tools\lib\bin\firebase.js init
[debug] [2021-06-27T21:54:47.412Z] CLI Version:   9.14.0
[debug] [2021-06-27T21:54:47.413Z] Platform:      win32
[debug] [2021-06-27T21:54:47.413Z] Node Version:  v14.17.1
[debug] [2021-06-27T21:54:47.414Z] Time:          Sun Jun 27 2021 17:54:47 GMT-0400 (hora estándar de Chile)
[debug] [2021-06-27T21:54:47.415Z] ----------------------------------------------------------------------
[debug] 
[debug] [2021-06-27T21:54:47.422Z] >>> [apiv2][query] GET https://firebase-public.firebaseio.com/cli.json [none]
[debug] [2021-06-27T21:54:47.496Z] > command requires scopes: ["email","openid","https://www.googleapis.com/auth/cloudplatformprojects.readonly","https://www.googleapis.com/auth/firebase","https://www.googleapis.com/auth/cloud-platform"]
[debug] [2021-06-27T21:54:47.497Z] > authorizing via signed-in user (paulqueza123@gmail.com)
[info] 
     ######## #### ########  ######## ########     ###     ######  ########
     ##        ##  ##     ## ##       ##     ##  ##   ##  ##       ##
     ######    ##  ########  ######   ########  #########  ######  ######
     ##        ##  ##    ##  ##       ##     ## ##     ##       ## ##
     ##       #### ##     ## ######## ########  ##     ##  ######  ########

You're about to initialize a Firebase project in this directory:

  C:\Users\paulq\Desktop\Web Angelica

[debug] [2021-06-27T21:54:48.156Z] <<< [apiv2][status] GET https://firebase-public.firebaseio.com/cli.json 200
[debug] [2021-06-27T21:54:48.156Z] <<< [apiv2][body] GET https://firebase-public.firebaseio.com/cli.json {"cloudBuildErrorAfter":1594252800000,"cloudBuildWarnAfter":1590019200000,"defaultNode10After":1594252800000,"minVersion":"3.0.5","node8DeploysDisabledAfter":1613390400000,"node8RuntimeDisabledAfter":1615809600000,"node8WarnAfter":1600128000000}
